2024-09-20 09:48:16,845 INFO  EcomWebApp.Controllers.AuthController - Login attempt for user: admin@2
2024-09-20 09:48:20,755 INFO  EcomWebApp.Controllers.AuthController - Token generated successfully for user: admin@2
2024-09-20 09:49:37,510 INFO  EcomWebApp.Controllers.AuthController - Login attempt for user: admin@2
2024-09-20 09:49:38,071 ERROR EcomWebApp.Controllers.AuthController - Unauthorized login attempt: Invalid username, email, or password.
2024-09-20 09:59:53,825 ERROR EcomWebApp.Controllers.UserController - Error occurred while registering user with email dhanushdk@gmail.com: Could not save changes because the target table has database triggers. Please configure your table accordingly, see https://aka.ms/efcore-docs-sqlserver-save-changes-and-output-clause for more information.
Microsoft.EntityFrameworkCore.DbUpdateException: Could not save changes because the target table has database triggers. Please configure your table accordingly, see https://aka.ms/efcore-docs-sqlserver-save-changes-and-output-clause for more information.
 ---> Microsoft.Data.SqlClient.SqlException (0x80131904): The target table 'Users' of the DML statement cannot have any enabled triggers if the statement contains an OUTPUT clause without INTO clause.
   at Microsoft.Data.SqlClient.SqlCommand.<>c.<ExecuteDbDataReaderAsync>b__211_0(Task`1 result)
   at System.Threading.Tasks.ContinuationResultTaskFromResultTask`2.InnerInvoke()
   at System.Threading.ExecutionContext.RunInternal(ExecutionContext executionContext, ContextCallback callback, Object state)
--- End of stack trace from previous location ---
   at System.Threading.ExecutionContext.RunInternal(ExecutionContext executionContext, ContextCallback callback, Object state)
   at System.Threading.Tasks.Task.ExecuteWithThreadLocal(Task& currentTaskSlot, Thread threadPoolThread)
--- End of stack trace from previous location ---
   at Microsoft.EntityFrameworkCore.Storage.RelationalCommand.ExecuteReaderAsync(RelationalCommandParameterObject parameterObject, CancellationToken cancellationToken)
   at Microsoft.EntityFrameworkCore.Storage.RelationalCommand.ExecuteReaderAsync(RelationalCommandParameterObject parameterObject, CancellationToken cancellationToken)
   at Microsoft.EntityFrameworkCore.Update.ReaderModificationCommandBatch.ExecuteAsync(IRelationalConnection connection, CancellationToken cancellationToken)
ClientConnectionId:1077ad6a-7f81-4a05-a356-b99051714409
Error Number:334,State:1,Class:16
   --- End of inner exception stack trace ---
   at Microsoft.EntityFrameworkCore.SqlServer.Update.Internal.SqlServerModificationCommandBatch.ExecuteAsync(IRelationalConnection connection, CancellationToken cancellationToken)
   at Microsoft.EntityFrameworkCore.Update.Internal.BatchExecutor.ExecuteAsync(IEnumerable`1 commandBatches, IRelationalConnection connection, CancellationToken cancellationToken)
   at Microsoft.EntityFrameworkCore.Update.Internal.BatchExecutor.ExecuteAsync(IEnumerable`1 commandBatches, IRelationalConnection connection, CancellationToken cancellationToken)
   at Microsoft.EntityFrameworkCore.Update.Internal.BatchExecutor.ExecuteAsync(IEnumerable`1 commandBatches, IRelationalConnection connection, CancellationToken cancellationToken)
   at Microsoft.EntityFrameworkCore.ChangeTracking.Internal.StateManager.SaveChangesAsync(IList`1 entriesToSave, CancellationToken cancellationToken)
   at Microsoft.EntityFrameworkCore.ChangeTracking.Internal.StateManager.SaveChangesAsync(StateManager stateManager, Boolean acceptAllChangesOnSuccess, CancellationToken cancellationToken)
   at Microsoft.EntityFrameworkCore.SqlServer.Storage.Internal.SqlServerExecutionStrategy.ExecuteAsync[TState,TResult](TState state, Func`4 operation, Func`4 verifySucceeded, CancellationToken cancellationToken)
   at Microsoft.EntityFrameworkCore.DbContext.SaveChangesAsync(Boolean acceptAllChangesOnSuccess, CancellationToken cancellationToken)
   at Microsoft.EntityFrameworkCore.DbContext.SaveChangesAsync(Boolean acceptAllChangesOnSuccess, CancellationToken cancellationToken)
   at EcomQuitQ.BusinessLogicLayer.UserRepository.UserRepository.AddUserAsync(User user) in D:\DOTNET FSD Training\CaseStudy\Ecommerce_Backend\QuitQ_Ecom\EcomLib\Repository\UserRepository\UserRepository .cs:line 120
   at EcomLib.Service.UserService.RegisterUserAsync(RegisterUserDTO registerUserDto) in D:\DOTNET FSD Training\CaseStudy\Ecommerce_Backend\QuitQ_Ecom\EcomLib\Service\UserService.cs:line 57
   at EcomWebApp.Controllers.UserController.RegisterUser(RegisterUserDTO userDto) in D:\DOTNET FSD Training\CaseStudy\Ecommerce_Backend\QuitQ_Ecom\EcomWebApp\Controllers\UserController.cs:line 98
2024-09-20 10:48:32,915 INFO  EcomWebApp.Controllers.UserController - Successfully registered user with email dhanushdk@gmail.com.
2024-09-20 10:49:02,672 ERROR EcomWebApp.Controllers.UserController - Error occurred while fetching user with username 28: User with username 28 was not found.
EcomLib.Exceptionhandling.UserNotFoundException: User with username 28 was not found.
   at EcomLib.Service.UserService.GetUserByUsernameAsync(String username) in D:\DOTNET FSD Training\CaseStudy\Ecommerce_Backend\QuitQ_Ecom\EcomLib\Service\UserService.cs:line 182
   at EcomWebApp.Controllers.UserController.GetUserByUsername(String username) in D:\DOTNET FSD Training\CaseStudy\Ecommerce_Backend\QuitQ_Ecom\EcomWebApp\Controllers\UserController.cs:line 50
2024-09-20 10:49:18,398 INFO  EcomWebApp.Controllers.UserController - Successfully retrieved user with ID 28.
2024-09-20 10:50:04,563 INFO  EcomWebApp.Controllers.AuthController - Login attempt for user: dhanush_dl
2024-09-20 10:53:56,918 INFO  EcomWebApp.Controllers.AuthController - Login attempt for user: dhanush_dl
2024-09-20 10:53:59,181 ERROR EcomWebApp.Controllers.AuthController - Unauthorized login attempt: Invalid username, email, or password.
2024-09-20 10:55:49,712 INFO  EcomWebApp.Controllers.AuthController - Login attempt for user: dhanush_dk
2024-09-20 10:56:10,867 ERROR EcomWebApp.Controllers.AuthController - Unauthorized login attempt: Invalid username, email, or password.
2024-09-20 10:56:40,141 INFO  EcomWebApp.Controllers.AuthController - Login attempt for user: dhanush_dk
2024-09-20 10:56:40,608 INFO  EcomWebApp.Controllers.AuthController - Token generated successfully for user: dhanush_dk
