2024-10-04 05:43:29,837 INFO  OrderController - Order item status updated. Order Item ID: 18, New Status: Processed
2024-10-04 06:04:59,663 INFO  EcomWebApp.Controllers.CategoryController - GetAllSubCategories initiated
2024-10-04 06:04:59,663 INFO  EcomWebApp.Controllers.CategoryController - GetAllParentCategories initiated
2024-10-04 06:11:45,936 INFO  EcomWebApp.Controllers.AnalyticsController - Fetched total user registrations successfully.
2024-10-04 06:11:45,936 INFO  EcomWebApp.Controllers.AnalyticsController - Fetched total seller registrations successfully.
2024-10-04 06:28:45,896 INFO  EcomWebApp.Controllers.AnalyticsController - Fetched total user registrations successfully.
2024-10-04 06:28:45,896 INFO  EcomWebApp.Controllers.AnalyticsController - Fetched total seller registrations successfully.
2024-10-04 06:29:43,540 INFO  EcomWebApp.Controllers.AnalyticsController - Fetched total seller registrations successfully.
2024-10-04 06:29:43,549 INFO  EcomWebApp.Controllers.AnalyticsController - Fetched total user registrations successfully.
2024-10-04 06:31:54,503 INFO  EcomWebApp.Controllers.AnalyticsController - Fetched total seller registrations successfully.
2024-10-04 06:31:54,508 INFO  EcomWebApp.Controllers.AnalyticsController - Fetched total user registrations successfully.
2024-10-04 06:32:05,433 INFO  EcomWebApp.Controllers.AnalyticsController - Fetched total seller registrations successfully.
2024-10-04 06:32:05,439 INFO  EcomWebApp.Controllers.AnalyticsController - Fetched total user registrations successfully.
2024-10-04 06:33:56,986 INFO  EcomWebApp.Controllers.CategoryController - GetAllParentCategories initiated
2024-10-04 06:33:56,989 INFO  EcomWebApp.Controllers.CategoryController - GetAllBrands initiated
2024-10-04 06:34:05,267 INFO  EcomWebApp.Controllers.CategoryController - GetAllParentCategories initiated
2024-10-04 06:34:05,286 INFO  EcomWebApp.Controllers.CategoryController - GetAllSubCategories initiated
2024-10-04 06:34:10,405 INFO  EcomWebApp.Controllers.UserController - Fetching all users.
2024-10-04 06:34:10,490 INFO  EcomWebApp.Controllers.UserController - Users fetched successfully.
2024-10-04 07:01:10,972 INFO  EcomWebApp.Controllers.UserController - No seller found for userId: 4
2024-10-04 07:01:20,440 INFO  EcomWebApp.Controllers.UserController - No seller found for userId: 16
2024-10-04 07:01:25,096 INFO  EcomWebApp.Controllers.UserController - No seller found for userId: 18
2024-10-04 08:00:02,107 INFO  EcomWebApp.Controllers.CategoryController - GetAllParentCategories initiated
2024-10-04 08:00:02,107 INFO  EcomWebApp.Controllers.CategoryController - GetAllBrands initiated
2024-10-04 08:00:44,474 INFO  EcomWebApp.Controllers.CategoryController - GetAllBrands initiated
2024-10-04 08:00:44,474 INFO  EcomWebApp.Controllers.CategoryController - GetAllParentCategories initiated
2024-10-04 08:01:18,578 INFO  EcomWebApp.Controllers.CategoryController - GetAllParentCategories initiated
2024-10-04 08:01:18,578 INFO  EcomWebApp.Controllers.CategoryController - GetAllBrands initiated
2024-10-04 08:04:07,809 INFO  EcomWebApp.Controllers.CategoryController - GetAllParentCategories initiated
2024-10-04 08:04:07,810 INFO  EcomWebApp.Controllers.CategoryController - GetAllBrands initiated
2024-10-04 08:04:26,138 INFO  EcomWebApp.Controllers.CategoryController - GetAllParentCategories initiated
2024-10-04 08:04:26,138 INFO  EcomWebApp.Controllers.CategoryController - GetAllBrands initiated
2024-10-04 08:04:34,439 INFO  EcomWebApp.Controllers.CategoryController - GetAllParentCategories initiated
2024-10-04 08:04:34,440 INFO  EcomWebApp.Controllers.CategoryController - GetAllBrands initiated
2024-10-04 08:16:06,777 INFO  EcomWebApp.Controllers.CategoryController - GetAllParentCategories initiated
2024-10-04 08:16:06,778 INFO  EcomWebApp.Controllers.CategoryController - GetAllBrands initiated
2024-10-04 08:16:23,598 INFO  EcomWebApp.Controllers.CategoryController - GetAllBrands initiated
2024-10-04 08:16:23,598 INFO  EcomWebApp.Controllers.CategoryController - GetAllParentCategories initiated
2024-10-04 08:16:28,356 INFO  EcomWebApp.Controllers.CategoryController - GetSubCategoriesByParentId initiated for ParentCategoryID: 1
2024-10-04 08:19:33,437 INFO  EcomWebApp.Controllers.CategoryController - GetAllParentCategories initiated
2024-10-04 08:19:33,444 INFO  EcomWebApp.Controllers.CategoryController - GetAllBrands initiated
2024-10-04 08:19:36,473 INFO  EcomWebApp.Controllers.CategoryController - GetSubCategoriesByParentId initiated for ParentCategoryID: 1
2024-10-04 08:22:49,460 INFO  EcomWebApp.Controllers.CategoryController - GetAllParentCategories initiated
2024-10-04 08:22:49,464 INFO  EcomWebApp.Controllers.CategoryController - GetAllBrands initiated
2024-10-04 08:23:16,470 INFO  EcomWebApp.Controllers.CategoryController - GetAllBrands initiated
2024-10-04 08:23:16,470 INFO  EcomWebApp.Controllers.CategoryController - GetAllParentCategories initiated
2024-10-04 08:24:06,505 INFO  EcomWebApp.Controllers.CategoryController - GetSubCategoriesByParentId initiated for ParentCategoryID: 1
2024-10-04 08:26:10,472 INFO  EcomWebApp.Controllers.CategoryController - GetAllParentCategories initiated
2024-10-04 08:26:10,474 INFO  EcomWebApp.Controllers.CategoryController - GetAllBrands initiated
2024-10-04 08:26:12,041 INFO  EcomWebApp.Controllers.CategoryController - GetSubCategoriesByParentId initiated for ParentCategoryID: 1
2024-10-04 08:26:42,545 INFO  EcomWebApp.Controllers.CategoryController - GetSubCategoriesByParentId initiated for ParentCategoryID: 1
2024-10-04 08:27:36,878 INFO  EcomWebApp.Controllers.CategoryController - GetAllParentCategories initiated
2024-10-04 08:27:36,890 INFO  EcomWebApp.Controllers.CategoryController - GetAllBrands initiated
2024-10-04 08:28:00,413 INFO  EcomWebApp.Controllers.CategoryController - GetAllBrands initiated
2024-10-04 08:28:00,413 INFO  EcomWebApp.Controllers.CategoryController - GetAllParentCategories initiated
2024-10-04 08:28:16,437 INFO  EcomWebApp.Controllers.CategoryController - GetAllParentCategories initiated
2024-10-04 08:28:16,437 INFO  EcomWebApp.Controllers.CategoryController - GetAllBrands initiated
2024-10-04 08:30:16,489 INFO  EcomWebApp.Controllers.CategoryController - GetAllParentCategories initiated
2024-10-04 08:30:16,510 INFO  EcomWebApp.Controllers.CategoryController - GetAllBrands initiated
2024-10-04 08:30:22,114 INFO  EcomWebApp.Controllers.CategoryController - GetSubCategoriesByParentId initiated for ParentCategoryID: 8
2024-10-04 08:30:55,944 INFO  EcomWebApp.Controllers.CategoryController - GetSubCategoriesByParentId initiated for ParentCategoryID: 1
2024-10-04 08:31:00,801 INFO  EcomWebApp.Controllers.CategoryController - GetAllParentCategories initiated
2024-10-04 08:31:00,811 INFO  EcomWebApp.Controllers.CategoryController - GetAllBrands initiated
2024-10-04 08:31:02,137 INFO  EcomWebApp.Controllers.CategoryController - GetSubCategoriesByParentId initiated for ParentCategoryID: 1
2024-10-04 08:33:22,693 INFO  EcomWebApp.Controllers.CategoryController - GetAllBrands initiated
2024-10-04 08:33:22,694 INFO  EcomWebApp.Controllers.CategoryController - GetAllParentCategories initiated
2024-10-04 08:34:21,782 INFO  EcomWebApp.Controllers.CategoryController - GetAllParentCategories initiated
2024-10-04 08:34:21,784 INFO  EcomWebApp.Controllers.CategoryController - GetAllBrands initiated
2024-10-04 08:34:27,496 INFO  EcomWebApp.Controllers.CategoryController - GetSubCategoriesByParentId initiated for ParentCategoryID: 1
2024-10-04 08:34:48,817 INFO  EcomWebApp.Controllers.CategoryController - GetAllParentCategories initiated
2024-10-04 08:34:48,820 INFO  EcomWebApp.Controllers.CategoryController - GetAllBrands initiated
2024-10-04 08:35:11,337 INFO  EcomWebApp.Controllers.CategoryController - GetSubCategoriesByParentId initiated for ParentCategoryID: 1
2024-10-04 08:36:03,612 INFO  EcomWebApp.Controllers.CategoryController - GetSubCategoriesByParentId initiated for ParentCategoryID: 1
2024-10-04 08:36:06,920 INFO  EcomWebApp.Controllers.CategoryController - GetAllParentCategories initiated
2024-10-04 08:36:06,921 INFO  EcomWebApp.Controllers.CategoryController - GetAllBrands initiated
2024-10-04 08:36:37,484 INFO  EcomWebApp.Controllers.CategoryController - GetAllParentCategories initiated
2024-10-04 08:36:37,484 INFO  EcomWebApp.Controllers.CategoryController - GetAllBrands initiated
2024-10-04 08:36:41,519 INFO  EcomWebApp.Controllers.CategoryController - GetSubCategoriesByParentId initiated for ParentCategoryID: 8
2024-10-04 09:01:40,870 INFO  EcomWebApp.Controllers.CategoryController - GetAllBrands initiated
2024-10-04 09:01:40,870 INFO  EcomWebApp.Controllers.CategoryController - GetAllParentCategories initiated
2024-10-04 09:06:51,034 INFO  EcomWebApp.Controllers.CategoryController - GetAllParentCategories initiated
2024-10-04 09:06:51,036 INFO  EcomWebApp.Controllers.CategoryController - GetAllBrands initiated
2024-10-04 09:06:53,191 INFO  EcomWebApp.Controllers.CategoryController - GetSubCategoriesByParentId initiated for ParentCategoryID: 7
2024-10-04 09:19:55,784 INFO  EcomWebApp.Controllers.UserController - No seller found for userId: 4
2024-10-04 09:21:13,909 INFO  EcomWebApp.Controllers.UserController - No seller found for userId: 4
2024-10-04 09:21:35,992 INFO  EcomWebApp.Controllers.CategoryController - GetAllParentCategories initiated
2024-10-04 09:21:36,009 INFO  EcomWebApp.Controllers.CategoryController - GetAllSubCategories initiated
2024-10-04 09:24:08,910 INFO  EcomWebApp.Controllers.AuthController - Login attempt for user: raj_fashion_house@gmail.com
2024-10-04 09:24:09,505 INFO  EcomWebApp.Controllers.AuthController - Token generated successfully for user: raj_fashion_house@gmail.com
2024-10-04 10:37:25,209 INFO  EcomWebApp.Controllers.AuthController - Login attempt for user: arunkumar123@gmail.com
2024-10-04 10:37:25,628 INFO  EcomWebApp.Controllers.AuthController - Token generated successfully for user: arunkumar123@gmail.com
2024-10-04 10:37:25,668 INFO  EcomWebApp.Controllers.CategoryController - GetAllParentCategories initiated
2024-10-04 10:37:25,668 INFO  EcomWebApp.Controllers.CategoryController - GetAllSubCategories initiated
2024-10-04 10:38:37,442 INFO  EcomWebApp.Controllers.CartController - Adding item to cart for User ID: 4, Product ID: 40
2024-10-04 10:38:37,736 INFO  EcomWebApp.Controllers.CartController - Successfully added item to cart. User ID: 4, Product ID: 40
2024-10-04 10:38:42,631 INFO  EcomWebApp.Controllers.CartController - Fetching cart for User ID: 4
2024-10-04 10:38:42,631 INFO  EcomWebApp.Controllers.UserController - Fetching address for user with Id 4
2024-10-04 10:38:42,646 INFO  EcomWebApp.Controllers.CartController - Successfully fetched cart for User ID: 4
2024-10-04 10:38:48,942 INFO  EcomWebApp.Controllers.CartController - Updating cart for User ID: 4
2024-10-04 10:38:48,986 INFO  EcomWebApp.Controllers.CartController - Successfully updated cart for User ID: 4
2024-10-04 10:40:20,043 INFO  OrderController - Order placed successfully. Order ID: 19
2024-10-04 10:40:20,096 INFO  EcomWebApp.Controllers.CartController - Updating cart for User ID: 4
2024-10-04 10:40:20,098 INFO  EcomWebApp.Controllers.CartController - Removing item with CartItem ID: 42 from cart for User ID: 4
2024-10-04 10:40:20,118 INFO  EcomWebApp.Controllers.CartController - Successfully updated cart for User ID: 4
2024-10-04 10:40:20,158 INFO  EcomWebApp.Controllers.CartController - Successfully removed item with CartItem ID: 42 for User ID: 4
2024-10-04 10:40:20,164 INFO  EcomWebApp.Controllers.CartController - Fetching cart for User ID: 4
2024-10-04 10:40:20,170 INFO  EcomWebApp.Controllers.CartController - Successfully fetched cart for User ID: 4
2024-10-04 10:40:45,726 INFO  EcomWebApp.Controllers.AnalyticsController - Fetched total seller registrations successfully.
2024-10-04 10:40:45,731 INFO  EcomWebApp.Controllers.AnalyticsController - Fetched total user registrations successfully.
2024-10-04 10:41:38,615 INFO  EcomWebApp.Controllers.CategoryController - GetAllParentCategories initiated
2024-10-04 10:41:38,628 INFO  EcomWebApp.Controllers.CategoryController - GetAllBrands initiated
2024-10-04 10:41:43,985 INFO  EcomWebApp.Controllers.CategoryController - GetAllSubCategories initiated
2024-10-04 10:41:43,985 INFO  EcomWebApp.Controllers.CategoryController - GetAllParentCategories initiated
2024-10-04 11:43:32,481 INFO  EcomWebApp.Controllers.AuthController - Login attempt for user: shiva_enterprises@gmail.com
2024-10-04 11:43:32,740 INFO  EcomWebApp.Controllers.AuthController - Token generated successfully for user: shiva_enterprises@gmail.com
2024-10-04 11:44:07,526 INFO  EcomWebApp.Controllers.CategoryController - GetAllParentCategories initiated
2024-10-04 11:44:07,527 INFO  EcomWebApp.Controllers.CategoryController - GetAllBrands initiated
2024-10-04 11:44:07,592 INFO  EcomWebApp.Controllers.ProductController - No products found for sellerId: 19
2024-10-04 11:44:50,739 INFO  EcomWebApp.Controllers.CategoryController - GetAllParentCategories initiated
2024-10-04 11:44:50,745 INFO  EcomWebApp.Controllers.CategoryController - GetAllBrands initiated
2024-10-04 11:44:50,756 INFO  EcomWebApp.Controllers.ProductController - No products found for sellerId: 19
2024-10-04 11:52:58,865 INFO  EcomWebApp.Controllers.CategoryController - GetAllParentCategories initiated
2024-10-04 11:52:58,866 INFO  EcomWebApp.Controllers.CategoryController - GetAllBrands initiated
2024-10-04 11:53:11,873 INFO  EcomWebApp.Controllers.CategoryController - GetAllParentCategories initiated
2024-10-04 11:53:11,873 INFO  EcomWebApp.Controllers.CategoryController - GetAllBrands initiated
2024-10-04 11:53:15,301 INFO  EcomWebApp.Controllers.CategoryController - GetAllParentCategories initiated
2024-10-04 11:53:15,302 INFO  EcomWebApp.Controllers.CategoryController - GetAllBrands initiated
2024-10-04 11:53:36,537 INFO  EcomWebApp.Controllers.CategoryController - GetAllParentCategories initiated
2024-10-04 11:53:36,537 INFO  EcomWebApp.Controllers.CategoryController - GetAllBrands initiated
2024-10-04 11:54:36,487 INFO  EcomWebApp.Controllers.CategoryController - GetAllParentCategories initiated
2024-10-04 11:54:36,495 INFO  EcomWebApp.Controllers.CategoryController - GetAllBrands initiated
2024-10-04 11:55:15,508 INFO  EcomWebApp.Controllers.CategoryController - GetAllParentCategories initiated
2024-10-04 11:55:15,512 INFO  EcomWebApp.Controllers.CategoryController - GetAllBrands initiated
2024-10-04 11:57:25,011 INFO  EcomWebApp.Controllers.CategoryController - GetAllParentCategories initiated
2024-10-04 11:57:25,015 INFO  EcomWebApp.Controllers.CategoryController - GetAllBrands initiated
2024-10-04 12:00:37,960 INFO  EcomWebApp.Controllers.CategoryController - GetAllParentCategories initiated
2024-10-04 12:00:37,963 INFO  EcomWebApp.Controllers.CategoryController - GetAllBrands initiated
2024-10-04 12:05:57,125 INFO  EcomWebApp.Controllers.CategoryController - GetAllParentCategories initiated
2024-10-04 12:05:57,132 INFO  EcomWebApp.Controllers.CategoryController - GetAllBrands initiated
2024-10-04 12:06:13,025 INFO  EcomWebApp.Controllers.CategoryController - GetSubCategoriesByParentId initiated for ParentCategoryID: 1
2024-10-04 12:06:52,438 INFO  EcomWebApp.Controllers.CategoryController - GetAllParentCategories initiated
2024-10-04 12:06:52,442 INFO  EcomWebApp.Controllers.CategoryController - GetAllBrands initiated
2024-10-04 12:11:17,427 INFO  EcomWebApp.Controllers.CategoryController - GetAllParentCategories initiated
2024-10-04 12:11:17,429 INFO  EcomWebApp.Controllers.CategoryController - GetAllBrands initiated
2024-10-04 12:11:38,475 INFO  EcomWebApp.Controllers.CategoryController - GetSubCategoriesByParentId initiated for ParentCategoryID: 1
2024-10-04 12:15:30,089 INFO  EcomWebApp.Controllers.CategoryController - GetAllParentCategories initiated
2024-10-04 12:15:30,103 INFO  EcomWebApp.Controllers.CategoryController - GetAllBrands initiated
2024-10-04 12:15:39,713 INFO  EcomWebApp.Controllers.CategoryController - GetSubCategoriesByParentId initiated for ParentCategoryID: 1
2024-10-04 12:15:51,023 INFO  EcomWebApp.Controllers.CategoryController - GetAllBrands initiated
2024-10-04 12:15:51,023 INFO  EcomWebApp.Controllers.CategoryController - GetAllParentCategories initiated
2024-10-04 12:19:49,606 INFO  EcomWebApp.Controllers.CategoryController - GetSubCategoriesByParentId initiated for ParentCategoryID: 1
2024-10-04 12:20:13,272 INFO  EcomWebApp.Controllers.CategoryController - GetSubCategoriesByParentId initiated for ParentCategoryID: 8
2024-10-04 12:21:10,678 INFO  EcomWebApp.Controllers.CategoryController - GetSubCategoriesByParentId initiated for ParentCategoryID: 1
2024-10-04 12:26:09,823 INFO  EcomWebApp.Controllers.CategoryController - GetAllParentCategories initiated
2024-10-04 12:26:09,828 INFO  EcomWebApp.Controllers.CategoryController - GetAllBrands initiated
2024-10-04 12:26:11,383 INFO  EcomWebApp.Controllers.CategoryController - GetSubCategoriesByParentId initiated for ParentCategoryID: 1
2024-10-04 12:27:16,734 INFO  EcomWebApp.Controllers.CategoryController - GetAllParentCategories initiated
2024-10-04 12:27:16,767 INFO  EcomWebApp.Controllers.CategoryController - GetAllBrands initiated
2024-10-04 12:27:24,856 INFO  EcomWebApp.Controllers.CategoryController - GetSubCategoriesByParentId initiated for ParentCategoryID: 14
2024-10-04 12:27:28,134 INFO  EcomWebApp.Controllers.CategoryController - GetSubCategoriesByParentId initiated for ParentCategoryID: 4
2024-10-04 12:33:42,933 ERROR OrderController - An error occurred while updating order item status for Order Item ID: 24.
EcomLib.Exceptionhandling.OrderNotFoundException: Order with ID 0 not found.
   at EcomLib.Repository.OrderRepository.OrderRepository.GetOrderByIdAsync(Int32 orderId) in D:\DOTNET FSD Training\CaseStudy\Ecommerce_Backend\QuitQ_Ecom\EcomLib\Repository\OrderRepository\OrderRepository.cs:line 47
   at EcomLib.Repository.OrderRepository.OrderRepository.UpdateOrderStatusAsync(Int32 orderId, OrderStatus status) in D:\DOTNET FSD Training\CaseStudy\Ecommerce_Backend\QuitQ_Ecom\EcomLib\Repository\OrderRepository\OrderRepository.cs:line 54
   at EcomLib.Service.OrderService.UpdateOrderItemStatusAsync(Int32 orderItemId, OrderItemStatus status) in D:\DOTNET FSD Training\CaseStudy\Ecommerce_Backend\QuitQ_Ecom\EcomLib\Service\OrderService.cs:line 125
   at OrderController.UpdateOrderItemStatus(Int32 orderItemId, OrderItemStatus status) in D:\DOTNET FSD Training\CaseStudy\Ecommerce_Backend\QuitQ_Ecom\EcomWebApp\Controllers\OrderController.cs:line 63
2024-10-04 12:36:12,103 ERROR OrderController - An error occurred while updating order item status for Order Item ID: 24.
EcomLib.Exceptionhandling.OrderNotFoundException: Order with ID 0 not found.
   at EcomLib.Repository.OrderRepository.OrderRepository.GetOrderByIdAsync(Int32 orderId) in D:\DOTNET FSD Training\CaseStudy\Ecommerce_Backend\QuitQ_Ecom\EcomLib\Repository\OrderRepository\OrderRepository.cs:line 47
   at EcomLib.Repository.OrderRepository.OrderRepository.UpdateOrderStatusAsync(Int32 orderId, OrderStatus status) in D:\DOTNET FSD Training\CaseStudy\Ecommerce_Backend\QuitQ_Ecom\EcomLib\Repository\OrderRepository\OrderRepository.cs:line 54
   at EcomLib.Service.OrderService.UpdateOrderItemStatusAsync(Int32 orderItemId, OrderItemStatus status) in D:\DOTNET FSD Training\CaseStudy\Ecommerce_Backend\QuitQ_Ecom\EcomLib\Service\OrderService.cs:line 125
   at OrderController.UpdateOrderItemStatus(Int32 orderItemId, OrderItemStatus status) in D:\DOTNET FSD Training\CaseStudy\Ecommerce_Backend\QuitQ_Ecom\EcomWebApp\Controllers\OrderController.cs:line 63
2024-10-04 13:03:57,837 INFO  OrderController - Order item status updated. Order Item ID: 24, New Status: Processed
2024-10-04 13:04:09,285 INFO  OrderController - Order item status updated. Order Item ID: 24, New Status: Shipped
2024-10-04 13:19:02,154 INFO  OrderController - Order item status updated. Order Item ID: 24, New Status: Processed
2024-10-04 13:24:15,610 INFO  EcomWebApp.Controllers.CategoryController - GetAllBrands initiated
2024-10-04 13:24:15,610 INFO  EcomWebApp.Controllers.CategoryController - GetAllParentCategories initiated
2024-10-04 15:54:19,229 INFO  EcomWebApp.Controllers.CategoryController - GetAllParentCategories initiated
2024-10-04 15:54:19,229 INFO  EcomWebApp.Controllers.CategoryController - GetAllSubCategories initiated
2024-10-04 15:58:28,730 INFO  EcomWebApp.Controllers.CategoryController - GetAllSubCategories initiated
2024-10-04 15:58:28,730 INFO  EcomWebApp.Controllers.CategoryController - GetAllParentCategories initiated
2024-10-04 17:04:41,772 INFO  EcomWebApp.Controllers.SalesAnalyticsController - Fetching sales by product for sellerId: 4
2024-10-04 17:05:28,646 ERROR EcomWebApp.Controllers.SalesAnalyticsController - An error occurred while fetching sales by product for sellerId: 4
System.NullReferenceException: Object reference not set to an instance of an object.
   at EcomLib.Service.SalesAnalyticsService.GetSalesByProductAsync(Int32 sellerId) in D:\DOTNET FSD Training\CaseStudy\Ecommerce_Backend\QuitQ_Ecom\EcomLib\Service\SalesAnalyticsService.cs:line 57
   at EcomWebApp.Controllers.SalesAnalyticsController.GetSalesByProduct(Int32 sellerId) in D:\DOTNET FSD Training\CaseStudy\Ecommerce_Backend\QuitQ_Ecom\EcomWebApp\Controllers\SalesAnalyticsController.cs:line 133
2024-10-04 17:07:07,002 INFO  EcomWebApp.Controllers.SalesAnalyticsController - Fetching sales by product for sellerId: 4
2024-10-04 17:07:18,696 ERROR EcomWebApp.Controllers.SalesAnalyticsController - An error occurred while fetching sales by product for sellerId: 4
System.NullReferenceException: Object reference not set to an instance of an object.
   at EcomLib.Service.SalesAnalyticsService.GetSalesByProductAsync(Int32 sellerId) in D:\DOTNET FSD Training\CaseStudy\Ecommerce_Backend\QuitQ_Ecom\EcomLib\Service\SalesAnalyticsService.cs:line 57
   at EcomWebApp.Controllers.SalesAnalyticsController.GetSalesByProduct(Int32 sellerId) in D:\DOTNET FSD Training\CaseStudy\Ecommerce_Backend\QuitQ_Ecom\EcomWebApp\Controllers\SalesAnalyticsController.cs:line 133
2024-10-04 17:07:30,455 INFO  EcomWebApp.Controllers.SalesAnalyticsController - Fetching sales by product for sellerId: 4
2024-10-04 17:19:19,932 INFO  EcomWebApp.Controllers.SalesAnalyticsController - Fetching sales by product for sellerId: 4
2024-10-04 17:39:56,321 ERROR EcomWebApp.Controllers.SalesAnalyticsController - An error occurred while fetching sales by product for sellerId: 4
System.NullReferenceException: Object reference not set to an instance of an object.
   at EcomLib.Service.SalesAnalyticsService.GetSalesByProductAsync(Int32 sellerId) in D:\DOTNET FSD Training\CaseStudy\Ecommerce_Backend\QuitQ_Ecom\EcomLib\Service\SalesAnalyticsService.cs:line 57
   at EcomWebApp.Controllers.SalesAnalyticsController.GetSalesByProduct(Int32 sellerId) in D:\DOTNET FSD Training\CaseStudy\Ecommerce_Backend\QuitQ_Ecom\EcomWebApp\Controllers\SalesAnalyticsController.cs:line 133
2024-10-04 17:53:03,924 INFO  EcomWebApp.Controllers.SalesAnalyticsController - Fetching sales by product for sellerId: 4
2024-10-04 17:55:38,537 INFO  EcomWebApp.Controllers.SalesAnalyticsController - Fetching sales by month for sellerId: 4
2024-10-04 17:57:50,927 INFO  EcomWebApp.Controllers.SalesAnalyticsController - Fetching top-selling product for sellerId: 4
2024-10-04 18:18:37,250 INFO  EcomWebApp.Controllers.AuthController - Login attempt for user: admin2@quitq.in
2024-10-04 18:18:38,426 INFO  EcomWebApp.Controllers.AuthController - Token generated successfully for user: admin2@quitq.in
2024-10-04 18:18:38,617 INFO  EcomWebApp.Controllers.AnalyticsController - Fetched total seller registrations successfully.
2024-10-04 18:18:38,617 INFO  EcomWebApp.Controllers.AnalyticsController - Fetched total user registrations successfully.
2024-10-04 18:27:11,798 INFO  EcomWebApp.Controllers.AnalyticsController - Fetched total seller registrations successfully.
2024-10-04 18:27:11,801 INFO  EcomWebApp.Controllers.AnalyticsController - Fetched total user registrations successfully.
2024-10-04 18:29:48,521 INFO  EcomWebApp.Controllers.AuthController - Login attempt for user: arunkumar123@gmail.com
2024-10-04 18:29:49,059 INFO  EcomWebApp.Controllers.AuthController - Token generated successfully for user: arunkumar123@gmail.com
2024-10-04 18:29:49,116 INFO  EcomWebApp.Controllers.CategoryController - GetAllSubCategories initiated
2024-10-04 18:29:49,116 INFO  EcomWebApp.Controllers.CategoryController - GetAllParentCategories initiated
2024-10-04 18:30:41,397 INFO  EcomWebApp.Controllers.CartController - Fetching cart for User ID: 4
2024-10-04 18:30:41,404 INFO  EcomWebApp.Controllers.UserController - Fetching address for user with Id 4
2024-10-04 18:30:41,521 INFO  EcomWebApp.Controllers.CartController - Successfully fetched cart for User ID: 4
2024-10-04 18:30:46,418 INFO  EcomWebApp.Controllers.CartController - Adding item to cart for User ID: 4, Product ID: 9
2024-10-04 18:30:46,741 INFO  EcomWebApp.Controllers.CartController - Successfully added item to cart. User ID: 4, Product ID: 9
2024-10-04 18:30:48,415 INFO  EcomWebApp.Controllers.CartController - Adding item to cart for User ID: 4, Product ID: 10
2024-10-04 18:30:48,517 INFO  EcomWebApp.Controllers.CartController - Successfully added item to cart. User ID: 4, Product ID: 10
2024-10-04 18:30:50,117 INFO  EcomWebApp.Controllers.CartController - Fetching cart for User ID: 4
2024-10-04 18:30:50,125 INFO  EcomWebApp.Controllers.UserController - Fetching address for user with Id 4
2024-10-04 18:30:50,126 INFO  EcomWebApp.Controllers.CartController - Successfully fetched cart for User ID: 4
2024-10-04 18:30:53,979 INFO  EcomWebApp.Controllers.CartController - Updating cart for User ID: 4
2024-10-04 18:30:54,050 INFO  EcomWebApp.Controllers.CartController - Successfully updated cart for User ID: 4
2024-10-04 18:30:59,753 INFO  EcomWebApp.Controllers.CartController - Updating cart for User ID: 4
2024-10-04 18:30:59,792 INFO  EcomWebApp.Controllers.CartController - Successfully updated cart for User ID: 4
2024-10-04 18:31:34,817 INFO  EcomWebApp.Controllers.CartController - Fetching cart for User ID: 4
2024-10-04 18:31:34,817 INFO  EcomWebApp.Controllers.UserController - Fetching address for user with Id 4
2024-10-04 18:31:34,832 INFO  EcomWebApp.Controllers.CartController - Successfully fetched cart for User ID: 4
2024-10-04 18:31:45,556 INFO  EcomWebApp.Controllers.CartController - Updating cart for User ID: 4
2024-10-04 18:31:45,575 INFO  EcomWebApp.Controllers.CartController - Successfully updated cart for User ID: 4
2024-10-04 18:33:31,475 INFO  OrderController - Order placed successfully. Order ID: 20
2024-10-04 18:33:31,517 INFO  EcomWebApp.Controllers.CartController - Updating cart for User ID: 4
2024-10-04 18:33:31,519 INFO  EcomWebApp.Controllers.CartController - Removing item with CartItem ID: 43 from cart for User ID: 4
2024-10-04 18:33:31,519 INFO  EcomWebApp.Controllers.CartController - Removing item with CartItem ID: 44 from cart for User ID: 4
2024-10-04 18:33:31,545 INFO  EcomWebApp.Controllers.CartController - Successfully updated cart for User ID: 4
2024-10-04 18:33:31,597 INFO  EcomWebApp.Controllers.CartController - Successfully removed item with CartItem ID: 43 for User ID: 4
2024-10-04 18:33:31,597 INFO  EcomWebApp.Controllers.CartController - Successfully removed item with CartItem ID: 44 for User ID: 4
2024-10-04 18:33:31,603 INFO  EcomWebApp.Controllers.CartController - Fetching cart for User ID: 4
2024-10-04 18:33:31,609 INFO  EcomWebApp.Controllers.CartController - Successfully fetched cart for User ID: 4
2024-10-04 18:33:31,613 INFO  EcomWebApp.Controllers.CartController - Fetching cart for User ID: 4
2024-10-04 18:33:31,623 INFO  EcomWebApp.Controllers.CartController - Successfully fetched cart for User ID: 4
2024-10-04 18:34:11,222 INFO  EcomWebApp.Controllers.AuthController - Login attempt for user: admin2@quitq.in
2024-10-04 18:34:11,641 INFO  EcomWebApp.Controllers.AuthController - Token generated successfully for user: admin2@quitq.in
2024-10-04 18:34:11,700 INFO  EcomWebApp.Controllers.AnalyticsController - Fetched total user registrations successfully.
2024-10-04 18:34:11,702 INFO  EcomWebApp.Controllers.AnalyticsController - Fetched total seller registrations successfully.
2024-10-04 18:34:58,512 INFO  EcomWebApp.Controllers.CategoryController - GetAllParentCategories initiated
2024-10-04 18:34:58,532 INFO  EcomWebApp.Controllers.CategoryController - GetAllBrands initiated
2024-10-04 18:35:51,743 INFO  EcomWebApp.Controllers.CategoryController - GetAllParentCategories initiated
2024-10-04 18:35:51,743 INFO  EcomWebApp.Controllers.CategoryController - GetAllSubCategories initiated
2024-10-04 18:35:55,180 INFO  EcomWebApp.Controllers.UserController - Fetching all users.
2024-10-04 18:35:55,259 INFO  EcomWebApp.Controllers.UserController - Users fetched successfully.
2024-10-04 18:36:18,531 INFO  EcomWebApp.Controllers.AuthController - Login attempt for user: shiva_enterprises@gmail.com
2024-10-04 18:36:18,943 INFO  EcomWebApp.Controllers.AuthController - Token generated successfully for user: shiva_enterprises@gmail.com
2024-10-04 18:36:56,787 INFO  EcomWebApp.Controllers.CategoryController - GetAllParentCategories initiated
2024-10-04 18:36:56,787 INFO  EcomWebApp.Controllers.CategoryController - GetAllBrands initiated
2024-10-04 18:37:20,774 INFO  EcomWebApp.Controllers.CategoryController - GetSubCategoriesByParentId initiated for ParentCategoryID: 1
2024-10-04 18:39:28,251 INFO  OrderController - Order item status updated. Order Item ID: 31, New Status: Processed
2024-10-04 18:39:42,225 INFO  EcomWebApp.Controllers.AuthController - Login attempt for user: arunkumar123@gmail.com
2024-10-04 18:39:42,643 INFO  EcomWebApp.Controllers.AuthController - Token generated successfully for user: arunkumar123@gmail.com
2024-10-04 18:39:42,668 INFO  EcomWebApp.Controllers.CategoryController - GetAllSubCategories initiated
2024-10-04 18:39:42,668 INFO  EcomWebApp.Controllers.CategoryController - GetAllParentCategories initiated
2024-10-04 18:39:57,225 INFO  EcomWebApp.Controllers.CartController - Adding item to cart for User ID: 4, Product ID: 41
2024-10-04 18:39:57,258 INFO  EcomWebApp.Controllers.CartController - Successfully added item to cart. User ID: 4, Product ID: 41
2024-10-04 18:39:58,960 INFO  EcomWebApp.Controllers.CartController - Adding item to cart for User ID: 4, Product ID: 42
2024-10-04 18:39:58,993 INFO  EcomWebApp.Controllers.CartController - Successfully added item to cart. User ID: 4, Product ID: 42
2024-10-04 18:40:11,727 INFO  EcomWebApp.Controllers.UserController - Fetching address for user with Id 4
2024-10-04 18:40:11,727 INFO  EcomWebApp.Controllers.CartController - Fetching cart for User ID: 4
2024-10-04 18:40:11,737 INFO  EcomWebApp.Controllers.CartController - Successfully fetched cart for User ID: 4
2024-10-04 18:40:57,075 INFO  EcomWebApp.Controllers.CartController - Removing item with CartItem ID: 45 from cart for User ID: 4
2024-10-04 18:40:57,102 INFO  EcomWebApp.Controllers.CartController - Successfully removed item with CartItem ID: 45 for User ID: 4
2024-10-04 18:40:57,108 INFO  EcomWebApp.Controllers.CartController - Fetching cart for User ID: 4
2024-10-04 18:40:57,114 INFO  EcomWebApp.Controllers.CartController - Successfully fetched cart for User ID: 4
2024-10-04 18:42:50,553 INFO  EcomWebApp.Controllers.CategoryController - GetAllParentCategories initiated
2024-10-04 18:42:50,553 INFO  EcomWebApp.Controllers.CategoryController - GetAllSubCategories initiated
2024-10-04 18:45:53,631 INFO  EcomWebApp.Controllers.CategoryController - GetAllParentCategories initiated
2024-10-04 18:45:53,633 INFO  EcomWebApp.Controllers.CategoryController - GetAllSubCategories initiated
